Line 32: Class MSDataGridLib.DataGrid of control DataGrid1 was not a loaded control class.
Line 122: Class MSAdodcLib.Adodc of control Adodc1 was not a loaded control class.
Line 33: The property name Bindings in DataGrid1 is invalid.
Line 40: The property name _ExtentX in DataGrid1 is invalid.
Line 41: The property name _ExtentY in DataGrid1 is invalid.
Line 42: The property name _Version in DataGrid1 is invalid.
Line 43: The property name HeadLines in DataGrid1 is invalid.
Line 44: The property name RowHeight in DataGrid1 is invalid.
Line 53: The property name HeadFont in DataGrid1 is invalid.
Line 63: The property name ColumnCount in DataGrid1 is invalid.
Line 76: The property name Column00 in DataGrid1 is invalid.
Line 89: The property name Column01 in DataGrid1 is invalid.
Line 90: The property name SplitCount in DataGrid1 is invalid.
Line 96: The property name Split0 in DataGrid1 is invalid.
Line 128: The property name _ExtentX in Adodc1 is invalid.
Line 129: The property name _ExtentY in Adodc1 is invalid.
Line 130: The property name ConnectMode in Adodc1 is invalid.
Line 131: The property name CursorLocation in Adodc1 is invalid.
Line 132: The property name IsolationLevel in Adodc1 is invalid.
Line 133: The property name ConnectionTimeout in Adodc1 is invalid.
Line 134: The property name CommandTimeout in Adodc1 is invalid.
Line 135: The property name CursorType in Adodc1 is invalid.
Line 136: The property name LockType in Adodc1 is invalid.
Line 137: The property name CommandType in Adodc1 is invalid.
Line 138: The property name CursorOptions in Adodc1 is invalid.
Line 139: The property name CacheSize in Adodc1 is invalid.
Line 140: The property name MaxRecords in Adodc1 is invalid.
Line 141: The property name BOFAction in Adodc1 is invalid.
Line 142: The property name EOFAction in Adodc1 is invalid.
Line 143: The property name ConnectStringType in Adodc1 is invalid.
Line 147: The property name Orientation in Adodc1 is invalid.
Line 149: The property name Connect in Adodc1 is invalid.
Line 150: The property name OLEDBString in Adodc1 is invalid.
Line 151: The property name OLEDBFile in Adodc1 is invalid.
Line 152: The property name DataSourceName in Adodc1 is invalid.
Line 153: The property name OtherAttributes in Adodc1 is invalid.
Line 154: The property name UserName in Adodc1 is invalid.
Line 155: The property name Password in Adodc1 is invalid.
Line 156: The property name RecordSource in Adodc1 is invalid.
Line 157: The property name Caption in Adodc1 is invalid.
Line 167: The property name _Version in Adodc1 is invalid.
